d:\workspace\wuzj\coding\code_dev\wuserver\simplertspserver\windows\simplertspserver\x64\debug\vc143.pdb
d:\workspace\wuzj\coding\code_dev\wuserver\simplertspserver\windows\simplertspserver\x64\debug\vc143.idb
d:\workspace\wuzj\coding\code_dev\wuserver\simplertspserver\windows\simplertspserver\x64\debug\rtspconnection.obj
d:\workspace\wuzj\coding\code_dev\wuserver\simplertspserver\windows\simplertspserver\x64\debug\rtp.obj
d:\workspace\wuzj\coding\code_dev\wuserver\simplertspserver\windows\simplertspserver\x64\debug\mediasource.obj
d:\workspace\wuzj\coding\code_dev\wuserver\simplertspserver\windows\simplertspserver\x64\debug\mediasessionmanager.obj
d:\workspace\wuzj\coding\code_dev\wuserver\simplertspserver\windows\simplertspserver\x64\debug\mediasession.obj
d:\workspace\wuzj\coding\code_dev\wuserver\simplertspserver\windows\simplertspserver\x64\debug\inetaddress.obj
d:\workspace\wuzj\coding\code_dev\wuserver\simplertspserver\windows\simplertspserver\x64\debug\h264filesink.obj
d:\workspace\wuzj\coding\code_dev\wuserver\simplertspserver\windows\simplertspserver\x64\debug\h264filemediasource.obj
d:\workspace\wuzj\coding\code_dev\wuserver\simplertspserver\windows\simplertspserver\x64\debug\buffer.obj
d:\workspace\wuzj\coding\code_dev\wuserver\simplertspserver\windows\simplertspserver\x64\debug\aacfilesink.obj
d:\workspace\wuzj\coding\code_dev\wuserver\simplertspserver\windows\simplertspserver\x64\debug\aacfilemediasource.obj
d:\workspace\wuzj\coding\code_dev\wuserver\simplertspserver\windows\simplertspserver\x64\debug\usageenvironment.obj
d:\workspace\wuzj\coding\code_dev\wuserver\simplertspserver\windows\simplertspserver\x64\debug\timer.obj
d:\workspace\wuzj\coding\code_dev\wuserver\simplertspserver\windows\simplertspserver\x64\debug\threadpool.obj
d:\workspace\wuzj\coding\code_dev\wuserver\simplertspserver\windows\simplertspserver\x64\debug\thread.obj
d:\workspace\wuzj\coding\code_dev\wuserver\simplertspserver\windows\simplertspserver\x64\debug\socketsops.obj
d:\workspace\wuzj\coding\code_dev\wuserver\simplertspserver\windows\simplertspserver\x64\debug\selectpoller.obj
d:\workspace\wuzj\coding\code_dev\wuserver\simplertspserver\windows\simplertspserver\x64\debug\poller.obj
d:\workspace\wuzj\coding\code_dev\wuserver\simplertspserver\windows\simplertspserver\x64\debug\eventscheduler.obj
d:\workspace\wuzj\coding\code_dev\wuserver\simplertspserver\windows\simplertspserver\x64\debug\event.obj
d:\workspace\wuzj\coding\code_dev\wuserver\simplertspserver\windows\simplertspserver\x64\debug\main.obj
d:\workspace\wuzj\coding\code_dev\wuserver\simplertspserver\windows\simplertspserver\x64\debug\tcpconnection.obj
d:\workspace\wuzj\coding\code_dev\wuserver\simplertspserver\windows\simplertspserver\x64\debug\sink.obj
d:\workspace\wuzj\coding\code_dev\wuserver\simplertspserver\windows\simplertspserver\x64\debug\rtspserver.obj
d:\workspace\wuzj\coding\code_dev\wuserver\simplertspserver\windows\x64\debug\simplertspserver.exe
d:\workspace\wuzj\coding\code_dev\wuserver\simplertspserver\windows\simplertspserver\x64\debug\simplertspserver.ilk
d:\workspace\wuzj\coding\code_dev\wuserver\simplertspserver\windows\x64\debug\simplertspserver.pdb
d:\workspace\wuzj\coding\code_dev\wuserver\simplertspserver\windows\simplertspserver\x64\debug\simplertspserver.tlog\cl.command.1.tlog
d:\workspace\wuzj\coding\code_dev\wuserver\simplertspserver\windows\simplertspserver\x64\debug\simplertspserver.tlog\cl.read.1.tlog
d:\workspace\wuzj\coding\code_dev\wuserver\simplertspserver\windows\simplertspserver\x64\debug\simplertspserver.tlog\cl.write.1.tlog
d:\workspace\wuzj\coding\code_dev\wuserver\simplertspserver\windows\simplertspserver\x64\debug\simplertspserver.tlog\link.command.1.tlog
d:\workspace\wuzj\coding\code_dev\wuserver\simplertspserver\windows\simplertspserver\x64\debug\simplertspserver.tlog\link.read.1.tlog
d:\workspace\wuzj\coding\code_dev\wuserver\simplertspserver\windows\simplertspserver\x64\debug\simplertspserver.tlog\link.write.1.tlog
